<?xml version="1.0" encoding="UTF-8"?>
<!-- Generated by org.testng.reporters.JUnitXMLReporter -->
<testsuite hostname="DESKTOP-PV3D5P9" ignored="0" name="Test" tests="10" failures="2" timestamp="08 Sep 2018 11:41:31 GMT" time="111.132" errors="0">
  <testcase name="FacebookCheck" time="3.189" classname="script.TestFacebook">
    <skipped/>
  </testcase> <!-- FacebookCheck -->
  <testcase name="FacebookCheck" time="3.997" classname="script.TestFacebook">
    <skipped/>
  </testcase> <!-- FacebookCheck -->
  <testcase name="FacebookCheck" time="21.189" classname="script.TestFacebook">
    <skipped/>
  </testcase> <!-- FacebookCheck -->
  <testcase name="FacebookCheck" time="3.55" classname="script.TestFacebook">
    <failure type="java.lang.AssertionError" message="expected [Facebook1 – log in or sign up] but found [Facebook – log in or sign up]">
      <![CDATA[java.lang.AssertionError: expected [Facebook1 – log in or sign up] but found [Facebook – log in or sign up]
at script.TestFacebook.FacebookCheck(TestFacebook.java:23)
... Removed 31 stack frames]]>
    </failure>
  </testcase> <!-- FacebookCheck -->
  <testcase name="InstagramCheck" time="2.322" classname="script.TestInstagram"/>
  <testcase name="TwitterCheck" time="2.611" classname="script.TestTwitter"/>
  <testcase name="LinkedinCheck" time="2.335" classname="script.TestLinkedin">
    <skipped/>
  </testcase> <!-- LinkedinCheck -->
  <testcase name="LinkedinCheck" time="1.991" classname="script.TestLinkedin">
    <skipped/>
  </testcase> <!-- LinkedinCheck -->
  <testcase name="LinkedinCheck" time="2.095" classname="script.TestLinkedin">
    <skipped/>
  </testcase> <!-- LinkedinCheck -->
  <testcase name="LinkedinCheck" time="2.137" classname="script.TestLinkedin">
    <failure type="java.lang.AssertionError" message="expected [LinkedIn1: Log In or Sign Up] but found [LinkedIn: Log In or Sign Up]">
      <![CDATA[java.lang.AssertionError: expected [LinkedIn1: Log In or Sign Up] but found [LinkedIn: Log In or Sign Up]
at script.TestLinkedin.LinkedinCheck(TestLinkedin.java:23)
... Removed 31 stack frames]]>
    </failure>
  </testcase> <!-- LinkedinCheck -->
</testsuite> <!-- Test -->
