<?xml version="1.0" encoding="UTF-8"?>
<!-- Generated by org.testng.reporters.JUnitXMLReporter -->
<testsuite hostname="DESKTOP-PV3D5P9" ignored="0" name="Test" tests="4" failures="2" timestamp="02 Sep 2018 11:37:49 GMT" time="35.115" errors="0">
  <testcase name="FacebookCheck" time="3.672" classname="script.TestFacebook">
    <failure type="java.lang.AssertionError" message="expected [Facebook1 – log in or sign up] but found [Facebook – log in or sign up]">
      <![CDATA[java.lang.AssertionError: expected [Facebook1 – log in or sign up] but found [Facebook – log in or sign up]
at script.TestFacebook.FacebookCheck(TestFacebook.java:23)
... Removed 31 stack frames]]>
    </failure>
  </testcase> <!-- FacebookCheck -->
  <testcase name="InstagramCheck" time="2.372" classname="script.TestInstagram"/>
  <testcase name="TwitterCheck" time="1.796" classname="script.TestTwitter"/>
  <testcase name="LinkedinCheck" time="1.854" classname="script.TestLinkedin">
    <failure type="java.lang.AssertionError" message="expected [LinkedIn1: Log In or Sign Up] but found [LinkedIn: Log In or Sign Up]">
      <![CDATA[java.lang.AssertionError: expected [LinkedIn1: Log In or Sign Up] but found [LinkedIn: Log In or Sign Up]
at script.TestLinkedin.LinkedinCheck(TestLinkedin.java:23)
... Removed 31 stack frames]]>
    </failure>
  </testcase> <!-- LinkedinCheck -->
</testsuite> <!-- Test -->
