<?xml version="1.0" encoding="UTF-8"?>
<testng-results skipped="0" failed="0" ignored="0" total="4" passed="4">
  <reporter-output>
  </reporter-output>
  <suite name="Default suite" duration-ms="29" started-at="2018-08-18T11:45:56Z" finished-at="2018-08-18T11:45:56Z">
    <groups>
    </groups>
    <test name="Default test" duration-ms="29" started-at="2018-08-18T11:45:56Z" finished-at="2018-08-18T11:45:56Z">
      <class name="testngDemo.Test1">
        <test-method status="PASS" signature="beforeMethod()[pri:0, instance:testngDemo.Test1@e320068]" name="beforeMethod" is-config="true" duration-ms="3" started-at="2018-08-18T11:45:56Z" finished-at="2018-08-18T11:45:56Z">
          <reporter-output>
          </reporter-output>
        </test-method> <!-- beforeMethod -->
        <test-method status="PASS" signature="register()[pri:1, instance:testngDemo.Test1@e320068]" name="register" duration-ms="3" started-at="2018-08-18T11:45:56Z" finished-at="2018-08-18T11:45:56Z">
          <reporter-output>
          </reporter-output>
        </test-method> <!-- register -->
        <test-method status="PASS" signature="afterMethod()[pri:0, instance:testngDemo.Test1@e320068]" name="afterMethod" is-config="true" duration-ms="1" started-at="2018-08-18T11:45:56Z" finished-at="2018-08-18T11:45:56Z">
          <reporter-output>
          </reporter-output>
        </test-method> <!-- afterMethod -->
        <test-method status="PASS" signature="login()[pri:2, instance:testngDemo.Test1@e320068]" name="login" duration-ms="1" started-at="2018-08-18T11:45:56Z" finished-at="2018-08-18T11:45:56Z">
          <reporter-output>
          </reporter-output>
        </test-method> <!-- login -->
        <test-method status="PASS" signature="beforeMethod()[pri:0, instance:testngDemo.Test1@e320068]" name="beforeMethod" is-config="true" duration-ms="0" started-at="2018-08-18T11:45:56Z" finished-at="2018-08-18T11:45:56Z">
          <reporter-output>
          </reporter-output>
        </test-method> <!-- beforeMethod -->
        <test-method status="PASS" signature="afterMethod()[pri:0, instance:testngDemo.Test1@e320068]" name="afterMethod" is-config="true" duration-ms="0" started-at="2018-08-18T11:45:56Z" finished-at="2018-08-18T11:45:56Z">
          <reporter-output>
          </reporter-output>
        </test-method> <!-- afterMethod -->
        <test-method status="PASS" signature="beforeMethod()[pri:0, instance:testngDemo.Test1@e320068]" name="beforeMethod" is-config="true" duration-ms="0" started-at="2018-08-18T11:45:56Z" finished-at="2018-08-18T11:45:56Z">
          <reporter-output>
          </reporter-output>
        </test-method> <!-- beforeMethod -->
        <test-method status="PASS" signature="edit()[pri:3, instance:testngDemo.Test1@e320068]" name="edit" duration-ms="1" started-at="2018-08-18T11:45:56Z" finished-at="2018-08-18T11:45:56Z">
          <reporter-output>
          </reporter-output>
        </test-method> <!-- edit -->
        <test-method status="PASS" signature="afterMethod()[pri:0, instance:testngDemo.Test1@e320068]" name="afterMethod" is-config="true" duration-ms="0" started-at="2018-08-18T11:45:56Z" finished-at="2018-08-18T11:45:56Z">
          <reporter-output>
          </reporter-output>
        </test-method> <!-- afterMethod -->
        <test-method status="PASS" signature="delete()[pri:4, instance:testngDemo.Test1@e320068]" name="delete" duration-ms="1" started-at="2018-08-18T11:45:56Z" finished-at="2018-08-18T11:45:56Z">
          <reporter-output>
          </reporter-output>
        </test-method> <!-- delete -->
        <test-method status="PASS" signature="beforeMethod()[pri:0, instance:testngDemo.Test1@e320068]" name="beforeMethod" is-config="true" duration-ms="0" started-at="2018-08-18T11:45:56Z" finished-at="2018-08-18T11:45:56Z">
          <reporter-output>
          </reporter-output>
        </test-method> <!-- beforeMethod -->
        <test-method status="PASS" signature="afterMethod()[pri:0, instance:testngDemo.Test1@e320068]" name="afterMethod" is-config="true" duration-ms="0" started-at="2018-08-18T11:45:56Z" finished-at="2018-08-18T11:45:56Z">
          <reporter-output>
          </reporter-output>
        </test-method> <!-- afterMethod -->
      </class> <!-- testngDemo.Test1 -->
    </test> <!-- Default test -->
  </suite> <!-- Default suite -->
</testng-results>
