<?xml version="1.0" encoding="UTF-8"?>
<testng-results skipped="0" failed="0" ignored="0" total="1" passed="1">
  <reporter-output>
  </reporter-output>
  <suite name="Default suite" duration-ms="20644" started-at="2018-08-19T11:23:41Z" finished-at="2018-08-19T11:24:02Z">
    <groups>
    </groups>
    <test name="Default test" duration-ms="20644" started-at="2018-08-19T11:23:41Z" finished-at="2018-08-19T11:24:02Z">
      <class name="support.Test3">
        <test-method status="PASS" signature="testcase()[pri:0, instance:support.Test3@4d41cee]" name="testcase" duration-ms="20630" started-at="2018-08-19T11:23:41Z" finished-at="2018-08-19T11:24:02Z">
          <reporter-output>
          </reporter-output>
        </test-method> <!-- testcase -->
      </class> <!-- support.Test3 -->
    </test> <!-- Default test -->
  </suite> <!-- Default suite -->
</testng-results>
