<?xml version="1.0" encoding="UTF-8"?>
<!-- Generated by org.testng.reporters.JUnitXMLReporter -->
<testsuite hostname="DESKTOP-PV3D5P9" ignored="0" name="Default test" tests="4" failures="0" timestamp="01 Sep 2018 10:47:12 GMT" time="0.028" errors="0">
  <testcase name="dataProviderTest" time="0.005" classname="dataProvider.ProvideData"/>
  <testcase name="dataProviderTest" time="0.001" classname="dataProvider.ProvideData"/>
  <testcase name="dataProviderTest" time="0.001" classname="dataProvider.ProvideData"/>
  <testcase name="dataProviderTest" time="0.002" classname="dataProvider.ProvideData"/>
</testsuite> <!-- Default test -->
