<?xml version="1.0" encoding="UTF-8"?>
<testng-results skipped="0" failed="0" ignored="0" total="1" passed="1">
  <reporter-output>
  </reporter-output>
  <suite name="Default suite" duration-ms="338" started-at="2018-08-25T11:48:32Z" finished-at="2018-08-25T11:48:32Z">
    <groups>
    </groups>
    <test name="Default test" duration-ms="338" started-at="2018-08-25T11:48:32Z" finished-at="2018-08-25T11:48:32Z">
      <class name="excel.ReadAllData">
        <test-method status="PASS" signature="read()[pri:0, instance:excel.ReadAllData@11438d26]" name="read" duration-ms="324" started-at="2018-08-25T11:48:32Z" finished-at="2018-08-25T11:48:32Z">
          <reporter-output>
          </reporter-output>
        </test-method> <!-- read -->
      </class> <!-- excel.ReadAllData -->
    </test> <!-- Default test -->
  </suite> <!-- Default suite -->
</testng-results>
