<?xml version="1.0" encoding="UTF-8"?>
<testng-results skipped="0" failed="0" ignored="0" total="1" passed="1">
  <reporter-output>
  </reporter-output>
  <suite name="Default suite" duration-ms="14462" started-at="2018-09-16T09:46:02Z" finished-at="2018-09-16T09:46:17Z">
    <groups>
    </groups>
    <test name="Default test" duration-ms="14462" started-at="2018-09-16T09:46:02Z" finished-at="2018-09-16T09:46:17Z">
      <class name="sikuli.FacebookTestUsingSikuli">
        <test-method status="PASS" signature="Facebook()[pri:0, instance:sikuli.FacebookTestUsingSikuli@2833cc44]" name="Facebook" duration-ms="14444" started-at="2018-09-16T09:46:02Z" finished-at="2018-09-16T09:46:17Z">
          <reporter-output>
          </reporter-output>
        </test-method> <!-- Facebook -->
      </class> <!-- sikuli.FacebookTestUsingSikuli -->
    </test> <!-- Default test -->
  </suite> <!-- Default suite -->
</testng-results>
