<?xml version="1.0" encoding="UTF-8"?>
<testng-results skipped="0" failed="0" ignored="0" total="1" passed="1">
  <reporter-output>
  </reporter-output>
  <suite name="Default suite" duration-ms="11885" started-at="2018-09-15T11:49:51Z" finished-at="2018-09-15T11:50:03Z">
    <groups>
    </groups>
    <test name="Default test" duration-ms="11885" started-at="2018-09-15T11:49:51Z" finished-at="2018-09-15T11:50:03Z">
      <class name="usingRobotClass.MoveMousePointer">
        <test-method status="PASS" signature="mousePointer()[pri:0, instance:usingRobotClass.MoveMousePointer@4d41cee]" name="mousePointer" duration-ms="11867" started-at="2018-09-15T11:49:51Z" finished-at="2018-09-15T11:50:03Z">
          <reporter-output>
          </reporter-output>
        </test-method> <!-- mousePointer -->
      </class> <!-- usingRobotClass.MoveMousePointer -->
    </test> <!-- Default test -->
  </suite> <!-- Default suite -->
</testng-results>
