<?xml version="1.0" encoding="UTF-8"?>
<!-- Generated by org.testng.reporters.JUnitXMLReporter -->
<testsuite hostname="DESKTOP-PV3D5P9" ignored="0" name="Social Networking Test In Firefox" tests="4" failures="0" timestamp="25 Aug 2018 11:02:42 GMT" time="42.749" errors="0">
  <testcase name="TwitterCheck" time="4.157" classname="scripts.TestTwitter"/>
  <testcase name="InstagramCheck" time="1.9" classname="scripts.TestInstagram"/>
  <testcase name="LinkedinCheck" time="1.339" classname="scripts.TestLinkedin"/>
  <testcase name="FacebookCheck" time="2.92" classname="scripts.TestFacebook"/>
</testsuite> <!-- Social Networking Test In Firefox -->
