<?xml version="1.0" encoding="UTF-8"?>
<!-- Generated by org.testng.reporters.JUnitXMLReporter -->
<testsuite hostname="DESKTOP-PV3D5P9" ignored="0" name="Social Networking Test" tests="4" failures="1" timestamp="25 Aug 2018 10:32:20 GMT" time="48.835" errors="0">
  <testcase name="TwitterCheck" time="4.679" classname="scripts.TestTwitter"/>
  <testcase name="InstagramCheck" time="3.929" classname="scripts.TestInstagram"/>
  <testcase name="LinkedinCheck" time="3.737" classname="scripts.TestLinkedin"/>
  <testcase name="FacebookCheck" time="5.67" classname="scripts.TestFacebook">
    <failure type="java.lang.AssertionError" message="expected [Facebook 1– log in or sign up] but found [Facebook – log in or sign up]">
      <![CDATA[java.lang.AssertionError: expected [Facebook 1– log in or sign up] but found [Facebook – log in or sign up]
at scripts.TestFacebook.FacebookCheck(TestFacebook.java:23)
... Removed 31 stack frames]]>
    </failure>
  </testcase> <!-- FacebookCheck -->
</testsuite> <!-- Social Networking Test -->
