<?xml version="1.0" encoding="UTF-8"?>
<!-- Generated by org.testng.reporters.JUnitXMLReporter -->
<testsuite hostname="DESKTOP-PV3D5P9" ignored="0" name="Social Networking Test In Chrome" tests="4" failures="0" timestamp="25 Aug 2018 11:02:50 GMT" time="51.032" errors="0">
  <testcase name="TwitterCheck" time="3.932" classname="scripts.TestTwitter"/>
  <testcase name="InstagramCheck" time="5.224" classname="scripts.TestInstagram"/>
  <testcase name="LinkedinCheck" time="3.152" classname="scripts.TestLinkedin"/>
  <testcase name="FacebookCheck" time="3.557" classname="scripts.TestFacebook"/>
</testsuite> <!-- Social Networking Test In Chrome -->
