<?xml version="1.0" encoding="UTF-8"?>
<!-- Generated by org.testng.reporters.JUnitXMLReporter -->
<testsuite hostname="DESKTOP-PV3D5P9" ignored="0" name="Social Networking Test In Edge" tests="4" failures="4" timestamp="25 Aug 2018 10:59:49 GMT" time="10.277" errors="0">
  <testcase name="TwitterCheck" time="0.945" classname="scripts.TestTwitter">
    <failure type="java.lang.AssertionError" message="expected [Login on Twitter] but found [twitter - Google Search]">
      <![CDATA[java.lang.AssertionError: expected [Login on Twitter] but found [twitter - Google Search]
at scripts.TestTwitter.TwitterCheck(TestTwitter.java:23)
at java.util.concurrent.FutureTask.run(Unknown Source)
at java.util.concurrent.ThreadPoolExecutor.runWorker(Unknown Source)
at java.util.concurrent.ThreadPoolExecutor$Worker.run(Unknown Source)
at java.lang.Thread.run(Unknown Source)
... Removed 22 stack frames]]>
    </failure>
  </testcase> <!-- TwitterCheck -->
  <testcase name="InstagramCheck" time="1.388" classname="scripts.TestInstagram">
    <failure type="java.lang.AssertionError" message="expected [Instagram] but found [instagram - Google Search]">
      <![CDATA[java.lang.AssertionError: expected [Instagram] but found [instagram - Google Search]
at scripts.TestInstagram.InstagramCheck(TestInstagram.java:23)
at java.util.concurrent.FutureTask.run(Unknown Source)
at java.util.concurrent.ThreadPoolExecutor.runWorker(Unknown Source)
at java.util.concurrent.ThreadPoolExecutor$Worker.run(Unknown Source)
at java.lang.Thread.run(Unknown Source)
... Removed 22 stack frames]]>
    </failure>
  </testcase> <!-- InstagramCheck -->
  <testcase name="LinkedinCheck" time="1.422" classname="scripts.TestLinkedin">
    <failure type="java.lang.AssertionError" message="expected [LinkedIn: Log In or Sign Up] but found [linkedin - Google Search]">
      <![CDATA[java.lang.AssertionError: expected [LinkedIn: Log In or Sign Up] but found [linkedin - Google Search]
at scripts.TestLinkedin.LinkedinCheck(TestLinkedin.java:23)
at java.util.concurrent.FutureTask.run(Unknown Source)
at java.util.concurrent.ThreadPoolExecutor.runWorker(Unknown Source)
at java.util.concurrent.ThreadPoolExecutor$Worker.run(Unknown Source)
at java.lang.Thread.run(Unknown Source)
... Removed 22 stack frames]]>
    </failure>
  </testcase> <!-- LinkedinCheck -->
  <testcase name="FacebookCheck" time="1.425" classname="scripts.TestFacebook">
    <failure type="java.lang.AssertionError" message="expected [Facebook – log in or sign up] but found [facebook - Google Search]">
      <![CDATA[java.lang.AssertionError: expected [Facebook – log in or sign up] but found [facebook - Google Search]
at scripts.TestFacebook.FacebookCheck(TestFacebook.java:23)
at java.util.concurrent.FutureTask.run(Unknown Source)
at java.util.concurrent.ThreadPoolExecutor.runWorker(Unknown Source)
at java.util.concurrent.ThreadPoolExecutor$Worker.run(Unknown Source)
at java.lang.Thread.run(Unknown Source)
... Removed 22 stack frames]]>
    </failure>
  </testcase> <!-- FacebookCheck -->
</testsuite> <!-- Social Networking Test In Edge -->
