<?xml version="1.0" encoding="UTF-8"?>
<!-- Generated by org.testng.reporters.JUnitXMLReporter -->
<testsuite hostname="DESKTOP-PV3D5P9" ignored="0" name="Test" tests="8" failures="1" timestamp="02 Sep 2018 10:01:57 GMT" time="0.038" errors="0">
  <testcase name="testScript1" time="0.0" classname="listen.SampleTest"/>
  <testcase name="testScript2" time="0.015" classname="listen.SampleTest">
    <failure type="org.testng.TestException" message="
Method SampleTest.testScript2()[pri:0, instance:listen.SampleTest@69a3d1d] should have thrown an exception of type class java.lang.RuntimeException">
      <![CDATA[org.testng.TestException: 
Method SampleTest.testScript2()[pri:0, instance:listen.SampleTest@69a3d1d] should have thrown an exception of type class java.lang.RuntimeException
... Removed 22 stack frames]]>
    </failure>
  </testcase> <!-- testScript2 -->
  <testcase name="testScript3" time="0.0" classname="listen.SampleTest">
    <skipped/>
  </testcase> <!-- testScript3 -->
  <testcase name="testScript4" time="0.0" classname="listen.SampleTest"/>
  <testcase name="testScript4" time="0.0" classname="listen.SampleTest"/>
  <testcase name="testScript4" time="0.0" classname="listen.SampleTest"/>
  <testcase name="testScript4" time="0.0" classname="listen.SampleTest"/>
  <testcase name="testScript4" time="0.0" classname="listen.SampleTest"/>
</testsuite> <!-- Test -->
