<?xml version="1.0" encoding="UTF-8"?>
<!-- Generated by org.testng.reporters.JUnitXMLReporter -->
<testsuite hostname="DESKTOP-PV3D5P9" ignored="0" name="Test" tests="4" failures="0" timestamp="01 Sep 2018 11:37:18 GMT" time="35.204" errors="0">
  <testcase name="facebookTest" time="3.168" classname="scripts.CheckFacebook"/>
  <testcase name="twitterTest" time="1.702" classname="scripts.CheckTwitter"/>
  <testcase name="instagramTest" time="2.323" classname="scripts.CheckInstagram"/>
  <testcase name="linkedinTest" time="1.642" classname="scripts.CheckLinkedin"/>
</testsuite> <!-- Test -->
